Content-Type: multipart/alternative; boundary="===============0463386470=="
MIME-Version: 1.0
Subject: Order# 43
From: webmaster@localhost
To: ryantmiddleton@gmail.com, ryantmiddleton@gmail.com
Date: Mon, 07 Dec 2020 22:49:57 -0000
Message-ID: <160738139749.16128.2598579576226365333@11O11HAL900011O11>

--===============0463386470==
Content-Type: text/plain; charset="utf-8"
MIME-Version: 1.0
Content-Transfer-Encoding: 7bit

Hi Ryan Middleton, 
Thank-you for your inquiry. Please see your quote below.
--===============0463386470==
Content-Type: text/html; charset="utf-8"
MIME-Version: 1.0
Content-Transfer-Encoding: 7bit

<!DOCTYPE html>
<html lang="en">
<head>
    <meta charset="UTF-8">
    <meta name="viewport" content="width=device-width, initial-scale=1.0">
    <title>Your Quote</title>

    
    <link rel="stylesheet" href="/static/css/styles.css">
</head>
<body>
    <h1>Order# 43</h1>
    <div>
        <table>
            <tr style="background-color: lightblue;">
                <td>Item</td>
                <td>Quantity</td>
                <td>Price</td>
            </tr>
        
            <tr>
                <td>Skypanel S60</td>
                <td style="text-align:center;">2</td>
                <td>250.00</td>
            </tr>
        
            <tr>
                <td>Joker-bug 400w</td>
                <td style="text-align:center;">2</td>
                <td>150.00</td>
            </tr>
        
            <tr>
                <td>M18</td>
                <td style="text-align:center;">2</td>
                <td>300.00</td>
            </tr>
        
            <tr>
                <td>Skypanel S60 Chimera</td>
                <td style="text-align:center;">2</td>
                <td>50.00</td>
            </tr>
        
            <tr>
                <td><b>Total:</b></td>
                <td></td>
                <td><b>750.00</b><td>
            </tr>
        </table>
    </div>
</body>
</html>
--===============0463386470==--

-------------------------------------------------------------------------------
