Content-Type: multipart/alternative; boundary="===============0051889230=="
MIME-Version: 1.0
Subject: Order#41
From: webmaster@localhost
To: ryantmiddleton@gmail.com, ryantmiddleton@gmail.com
Date: Mon, 07 Dec 2020 22:43:00 -0000
Message-ID: <160738098039.9832.3100064799715293740@11O11HAL900011O11>

--===============0051889230==
Content-Type: text/plain; charset="utf-8"
MIME-Version: 1.0
Content-Transfer-Encoding: 7bit

HiRyan Middleton, 
Thank-you for your inquiry. Please see your quote below.
--===============0051889230==
Content-Type: text/html; charset="utf-8"
MIME-Version: 1.0
Content-Transfer-Encoding: 7bit

<!DOCTYPE html>
<html lang="en">
<head>
    <meta charset="UTF-8">
    <meta name="viewport" content="width=device-width, initial-scale=1.0">
    <title>Your Quote</title>

    
    <link rel="stylesheet" href="/static/css/styles.css">
</head>
<body>
    <h1>Order# 41</h1>
    <div>
        <table>
            <tr style="background-color: lightblue;">
                <td>Item</td>
                <td>Quantity</td>
                <td>Price</td>
            </tr>
        
            <tr>
                <td>Skypanel S60</td>
                <td style="text-align:center;">1</td>
                <td>250.00</td>
            </tr>
        
            <tr>
                <td>Joker-bug 400w</td>
                <td style="text-align:center;">1</td>
                <td>150.00</td>
            </tr>
        
            <tr>
                <td>Joker-bug 800w</td>
                <td style="text-align:center;">1</td>
                <td>175.00</td>
            </tr>
        
            <tr>
                <td>M18</td>
                <td style="text-align:center;">1</td>
                <td>300.00</td>
            </tr>
        
            <tr>
                <td><b>Total:</b></td>
                <td></td>
                <td><b>875.00</b><td>
            </tr>
        </table>
    </div>
</body>
</html>
--===============0051889230==--

-------------------------------------------------------------------------------
